{
  "stats": {
    "suites": 3,
    "tests": 19,
    "passes": 19,
    "pending": 0,
    "failures": 0,
    "testsRegistered": 19,
    "passPercent": 100,
    "pendingPercent": 0,
    "other": 0,
    "hasOther": false,
    "skipped": 0,
    "hasSkipped": false,
    "start": "2026-03-03T04:32:50.519Z",
    "end": "2026-03-03T04:33:07.831Z",
    "duration": 17312
  },
  "results": [
    {
      "uuid": "8c0ce769-11fd-4ed9-aa98-cdad10653b4e",
      "title": "",
      "fullFile": "cypress\\e2e\\basic2.cy.js",
      "file": "cypress\\e2e\\basic2.cy.js",
      "beforeHooks": [],
      "afterHooks": [],
      "tests": [],
      "suites": [
        {
          "uuid": "6f7053cc-f32b-490a-80ae-708848aa825c",
          "title": "2. cy.get - Mengambil Element",
          "fullFile": "",
          "file": "",
          "beforeHooks": [],
          "afterHooks": [],
          "tests": [
            {
              "title": "get element by id -> #user-name",
              "fullTitle": "2. cy.get - Mengambil Element get element by id -> #user-name",
              "timedOut": null,
              "duration": 2526,
              "state": "passed",
              "speed": "fast",
              "pass": true,
              "fail": false,
              "pending": false,
              "context": null,
              "code": "cy.get('#user-name').type('standard_user');",
              "err": {},
              "uuid": "1d7d1e24-541b-4f99-b5f0-31c8ee2e2c9d",
              "parentUUID": "6f7053cc-f32b-490a-80ae-708848aa825c",
              "isHook": false,
              "skipped": false
            },
            {
              "title": "get element by class -> .login_container",
              "fullTitle": "2. cy.get - Mengambil Element get element by class -> .login_container",
              "timedOut": null,
              "duration": 94,
              "state": "passed",
              "speed": "fast",
              "pass": true,
              "fail": false,
              "pending": false,
              "context": null,
              "code": "cy.get('.login_container').should('be.visible');",
              "err": {},
              "uuid": "8f0b5a39-5cd0-4982-9a4c-33ecc76aee77",
              "parentUUID": "6f7053cc-f32b-490a-80ae-708848aa825c",
              "isHook": false,
              "skipped": false
            },
            {
              "title": "get element by tag -> input",
              "fullTitle": "2. cy.get - Mengambil Element get element by tag -> input",
              "timedOut": null,
              "duration": 76,
              "state": "passed",
              "speed": "fast",
              "pass": true,
              "fail": false,
              "pending": false,
              "context": null,
              "code": "cy.get('input').should('exist');",
              "err": {},
              "uuid": "18b0b6e1-af44-4d4f-b737-62b2705fb8df",
              "parentUUID": "6f7053cc-f32b-490a-80ae-708848aa825c",
              "isHook": false,
              "skipped": false
            },
            {
              "title": "get element by attribute -> input[type=\"password\"]",
              "fullTitle": "2. cy.get - Mengambil Element get element by attribute -> input[type=\"password\"]",
              "timedOut": null,
              "duration": 74,
              "state": "passed",
              "speed": "fast",
              "pass": true,
              "fail": false,
              "pending": false,
              "context": null,
              "code": "cy.get('input[type=\"password\"]').should('exist');",
              "err": {},
              "uuid": "f5e07963-eee3-4ff1-9966-71734c37b020",
              "parentUUID": "6f7053cc-f32b-490a-80ae-708848aa825c",
              "isHook": false,
              "skipped": false
            },
            {
              "title": "get element by combined selector -> input#user-name",
              "fullTitle": "2. cy.get - Mengambil Element get element by combined selector -> input#user-name",
              "timedOut": null,
              "duration": 72,
              "state": "passed",
              "speed": "fast",
              "pass": true,
              "fail": false,
              "pending": false,
              "context": null,
              "code": "cy.get('input#user-name').should('exist');",
              "err": {},
              "uuid": "3eac0d3d-d98b-466f-8e9b-0fe95dafe40b",
              "parentUUID": "6f7053cc-f32b-490a-80ae-708848aa825c",
              "isHook": false,
              "skipped": false
            }
          ],
          "suites": [],
          "passes": [
            "1d7d1e24-541b-4f99-b5f0-31c8ee2e2c9d",
            "8f0b5a39-5cd0-4982-9a4c-33ecc76aee77",
            "18b0b6e1-af44-4d4f-b737-62b2705fb8df",
            "f5e07963-eee3-4ff1-9966-71734c37b020",
            "3eac0d3d-d98b-466f-8e9b-0fe95dafe40b"
          ],
          "failures": [],
          "pending": [],
          "skipped": [],
          "duration": 2842,
          "root": false,
          "rootEmpty": false,
          "_timeout": 2000
        }
      ],
      "passes": [],
      "failures": [],
      "pending": [],
      "skipped": [],
      "duration": 0,
      "root": true,
      "rootEmpty": true,
      "_timeout": 2000
    },
    {
      "uuid": "37545c96-f673-4d1c-a470-c8d938266854",
      "title": "",
      "fullFile": "cypress\\e2e\\loginPage.cy.js",
      "file": "cypress\\e2e\\loginPage.cy.js",
      "beforeHooks": [],
      "afterHooks": [],
      "tests": [],
      "suites": [
        {
          "uuid": "fd793984-8058-457a-b9a8-b19b5eaa4447",
          "title": "Page Object Model - Login Page",
          "fullFile": "",
          "file": "",
          "beforeHooks": [],
          "afterHooks": [],
          "tests": [
            {
              "title": "TC01 - Berhasil login dengan kredensial valid",
              "fullTitle": "Page Object Model - Login Page TC01 - Berhasil login dengan kredensial valid",
              "timedOut": null,
              "duration": 1351,
              "state": "passed",
              "speed": "fast",
              "pass": true,
              "fail": false,
              "pending": false,
              "context": null,
              "code": "// it() → Mendefinisikan 1 test case individual\n// Parameter 1: Nama test case\n// Parameter 2: Callback berisi langkah-langkah test\nconst {\n  user_name,\n  password\n} = loginData.validLogin;\n// Destructuring → Mengambil user_name dan password dari object loginData.validLogin\n// Contoh: { user_name: \"standard_user\", password: \"secret_sauce\" }\nloginPage.visit();\n// Memanggil method visit() dari LoginPage → membuka halaman login\nloginPage.login(user_name, password);\n// Memanggil method login() → mengisi username, password, lalu klik tombol login\nloginPage.verifyLoginSuccess();\n// Memanggil method verifyLoginSuccess() → memverifikasi bahwa login berhasil\n// Biasanya cek URL atau elemen yang muncul setelah login",
              "err": {},
              "uuid": "12f8cbe0-5002-4d8f-8efe-a46ed9061991",
              "parentUUID": "fd793984-8058-457a-b9a8-b19b5eaa4447",
              "isHook": false,
              "skipped": false
            },
            {
              "title": "TC02 - Gagal login dengan kredensial tidak valid",
              "fullTitle": "Page Object Model - Login Page TC02 - Gagal login dengan kredensial tidak valid",
              "timedOut": null,
              "duration": 1175,
              "state": "passed",
              "speed": "fast",
              "pass": true,
              "fail": false,
              "pending": false,
              "context": null,
              "code": "const {\n  user_name,\n  password\n} = loginData.invalidLogin;\n// Mengambil kredensial yang salah dari loginData.invalidLogin\nloginPage.visit();\nloginPage.login(user_name, password);\nloginPage.verifyLoginFailed();\n// Memverifikasi bahwa login GAGAL\n// Biasanya cek apakah muncul error message",
              "err": {},
              "uuid": "806864ad-ddb4-43dc-a52b-769bfef17274",
              "parentUUID": "fd793984-8058-457a-b9a8-b19b5eaa4447",
              "isHook": false,
              "skipped": false
            }
          ],
          "suites": [],
          "passes": [
            "12f8cbe0-5002-4d8f-8efe-a46ed9061991",
            "806864ad-ddb4-43dc-a52b-769bfef17274"
          ],
          "failures": [],
          "pending": [],
          "skipped": [],
          "duration": 2526,
          "root": false,
          "rootEmpty": false,
          "_timeout": 2000
        }
      ],
      "passes": [],
      "failures": [],
      "pending": [],
      "skipped": [],
      "duration": 0,
      "root": true,
      "rootEmpty": true,
      "_timeout": 2000
    },
    {
      "uuid": "8e3535a9-1ea2-407e-b7e0-7bd71d370581",
      "title": "",
      "fullFile": "cypress\\e2e\\basic.cy.js",
      "file": "cypress\\e2e\\basic.cy.js",
      "beforeHooks": [],
      "afterHooks": [],
      "tests": [],
      "suites": [
        {
          "uuid": "0894d18b-5ad3-4774-8cc8-10a99c176b27",
          "title": "1. Visit page",
          "fullFile": "",
          "file": "",
          "beforeHooks": [],
          "afterHooks": [],
          "tests": [
            {
              "title": "Should visit the login page (homepage)",
              "fullTitle": "1. Visit page Should visit the login page (homepage)",
              "timedOut": null,
              "duration": 1211,
              "state": "passed",
              "speed": "fast",
              "pass": true,
              "fail": false,
              "pending": false,
              "context": null,
              "code": "cy.visit(\"https://saucedemo.com/\");\ncy.url().should(\"include\", \"saucedemo.com\");",
              "err": {},
              "uuid": "92eb1bd7-ab82-4f40-b775-ab5514028924",
              "parentUUID": "0894d18b-5ad3-4774-8cc8-10a99c176b27",
              "isHook": false,
              "skipped": false
            },
            {
              "title": "Should visit the inventory page (after login)",
              "fullTitle": "1. Visit page Should visit the inventory page (after login)",
              "timedOut": null,
              "duration": 840,
              "state": "passed",
              "speed": "fast",
              "pass": true,
              "fail": false,
              "pending": false,
              "context": null,
              "code": "cy.visit(\"https://saucedemo.com/\");\ncy.get(\"#user-name\").type(\"standard_user\");\ncy.get(\"#password\").type(\"secret_sauce\");\ncy.get(\"#login-button\").click();\ncy.location(\"pathname\").should(\"eq\", \"/inventory.html\");",
              "err": {},
              "uuid": "c1680ce1-aab4-40d7-8c7f-5529fbff1a01",
              "parentUUID": "0894d18b-5ad3-4774-8cc8-10a99c176b27",
              "isHook": false,
              "skipped": false
            },
            {
              "title": "Should visit the cart page (after login()",
              "fullTitle": "1. Visit page Should visit the cart page (after login()",
              "timedOut": null,
              "duration": 1261,
              "state": "passed",
              "speed": "fast",
              "pass": true,
              "fail": false,
              "pending": false,
              "context": null,
              "code": "cy.visit(\"https://saucedemo.com/\");\ncy.get(\"#user-name\").type(\"standard_user\");\ncy.get(\"#password\").type(\"secret_sauce\");\ncy.get(\"#login-button\").click();\ncy.get(\".shopping_cart_link\").click();\ncy.url().should(\"eq\", \"https://www.saucedemo.com/cart.html\");",
              "err": {},
              "uuid": "e479dead-89d6-4342-a12a-cfca08c601fd",
              "parentUUID": "0894d18b-5ad3-4774-8cc8-10a99c176b27",
              "isHook": false,
              "skipped": false
            }
          ],
          "suites": [],
          "passes": [
            "92eb1bd7-ab82-4f40-b775-ab5514028924",
            "c1680ce1-aab4-40d7-8c7f-5529fbff1a01",
            "e479dead-89d6-4342-a12a-cfca08c601fd"
          ],
          "failures": [],
          "pending": [],
          "skipped": [],
          "duration": 3312,
          "root": false,
          "rootEmpty": false,
          "_timeout": 2000
        },
        {
          "uuid": "8250b9c0-9e36-4b5a-bebd-7747c6c9ee81",
          "title": "2. cy.get - Mengambil Element",
          "fullFile": "",
          "file": "",
          "beforeHooks": [],
          "afterHooks": [],
          "tests": [
            {
              "title": "get element by id -> #user-name",
              "fullTitle": "2. cy.get - Mengambil Element get element by id -> #user-name",
              "timedOut": null,
              "duration": 399,
              "state": "passed",
              "speed": "fast",
              "pass": true,
              "fail": false,
              "pending": false,
              "context": null,
              "code": "cy.get(\"#user-name\").type(\"standard_user\");",
              "err": {},
              "uuid": "77719694-324f-4213-9b2d-8648094d3c4a",
              "parentUUID": "8250b9c0-9e36-4b5a-bebd-7747c6c9ee81",
              "isHook": false,
              "skipped": false
            },
            {
              "title": "get element by class -> .login_container",
              "fullTitle": "2. cy.get - Mengambil Element get element by class -> .login_container",
              "timedOut": null,
              "duration": 83,
              "state": "passed",
              "speed": "fast",
              "pass": true,
              "fail": false,
              "pending": false,
              "context": null,
              "code": "cy.get(\".login_container\").should(\"be.visible\");",
              "err": {},
              "uuid": "be03adc0-5750-417c-86f4-1fa42a27e518",
              "parentUUID": "8250b9c0-9e36-4b5a-bebd-7747c6c9ee81",
              "isHook": false,
              "skipped": false
            },
            {
              "title": "get element by tag -> input",
              "fullTitle": "2. cy.get - Mengambil Element get element by tag -> input",
              "timedOut": null,
              "duration": 92,
              "state": "passed",
              "speed": "fast",
              "pass": true,
              "fail": false,
              "pending": false,
              "context": null,
              "code": "cy.get(\"input\").should(\"exist\");",
              "err": {},
              "uuid": "6c821ecc-28ea-4fcc-b8e0-fd2f44e7cb4c",
              "parentUUID": "8250b9c0-9e36-4b5a-bebd-7747c6c9ee81",
              "isHook": false,
              "skipped": false
            },
            {
              "title": "get element by attribute -> input[type=\"password\"]",
              "fullTitle": "2. cy.get - Mengambil Element get element by attribute -> input[type=\"password\"]",
              "timedOut": null,
              "duration": 82,
              "state": "passed",
              "speed": "fast",
              "pass": true,
              "fail": false,
              "pending": false,
              "context": null,
              "code": "cy.get('input[type=\"password\"]').should(\"exist\");",
              "err": {},
              "uuid": "5bb6ea3c-c04b-4381-9bdb-0f1e82040668",
              "parentUUID": "8250b9c0-9e36-4b5a-bebd-7747c6c9ee81",
              "isHook": false,
              "skipped": false
            },
            {
              "title": "get element by combined selector -> input#user-name",
              "fullTitle": "2. cy.get - Mengambil Element get element by combined selector -> input#user-name",
              "timedOut": null,
              "duration": 94,
              "state": "passed",
              "speed": "fast",
              "pass": true,
              "fail": false,
              "pending": false,
              "context": null,
              "code": "cy.get(\"input#user-name\").should(\"exist\");",
              "err": {},
              "uuid": "485591ef-0484-4c84-8796-1fd6bed6fab2",
              "parentUUID": "8250b9c0-9e36-4b5a-bebd-7747c6c9ee81",
              "isHook": false,
              "skipped": false
            },
            {
              "title": "get element by text -> cy.contains()",
              "fullTitle": "2. cy.get - Mengambil Element get element by text -> cy.contains()",
              "timedOut": null,
              "duration": 88,
              "state": "passed",
              "speed": "fast",
              "pass": true,
              "fail": false,
              "pending": false,
              "context": null,
              "code": "cy.contains(\"Swag Labs\").should(\"be.visible\");",
              "err": {},
              "uuid": "1a100434-2d0d-42b8-9068-e5ccbdaa03db",
              "parentUUID": "8250b9c0-9e36-4b5a-bebd-7747c6c9ee81",
              "isHook": false,
              "skipped": false
            }
          ],
          "suites": [],
          "passes": [
            "77719694-324f-4213-9b2d-8648094d3c4a",
            "be03adc0-5750-417c-86f4-1fa42a27e518",
            "6c821ecc-28ea-4fcc-b8e0-fd2f44e7cb4c",
            "5bb6ea3c-c04b-4381-9bdb-0f1e82040668",
            "485591ef-0484-4c84-8796-1fd6bed6fab2",
            "1a100434-2d0d-42b8-9068-e5ccbdaa03db"
          ],
          "failures": [],
          "pending": [],
          "skipped": [],
          "duration": 838,
          "root": false,
          "rootEmpty": false,
          "_timeout": 2000
        },
        {
          "uuid": "cb5acc2c-7356-49f0-a7cb-b2ba6336b96d",
          "title": "3. Type Text - Mengetik di input field",
          "fullFile": "",
          "file": "",
          "beforeHooks": [],
          "afterHooks": [],
          "tests": [
            {
              "title": "should type username into username field",
              "fullTitle": "3. Type Text - Mengetik di input field should type username into username field",
              "timedOut": null,
              "duration": 400,
              "state": "passed",
              "speed": "fast",
              "pass": true,
              "fail": false,
              "pending": false,
              "context": null,
              "code": "cy.get(\"#user-name\").type(\"standard_user\").should(\"have.value\", \"standard_user\");",
              "err": {},
              "uuid": "acb3e02d-b767-4aa0-87ba-ccf890124156",
              "parentUUID": "cb5acc2c-7356-49f0-a7cb-b2ba6336b96d",
              "isHook": false,
              "skipped": false
            },
            {
              "title": "should type password into password field",
              "fullTitle": "3. Type Text - Mengetik di input field should type password into password field",
              "timedOut": null,
              "duration": 375,
              "state": "passed",
              "speed": "fast",
              "pass": true,
              "fail": false,
              "pending": false,
              "context": null,
              "code": "cy.get(\"#password\").type(\"secret_sauce\").should(\"have.value\", \"secret_sauce\");",
              "err": {},
              "uuid": "b459615a-ee59-4606-9f3f-5cc877c07b0b",
              "parentUUID": "cb5acc2c-7356-49f0-a7cb-b2ba6336b96d",
              "isHook": false,
              "skipped": false
            },
            {
              "title": "should clear field and retype username",
              "fullTitle": "3. Type Text - Mengetik di input field should clear field and retype username",
              "timedOut": null,
              "duration": 668,
              "state": "passed",
              "speed": "fast",
              "pass": true,
              "fail": false,
              "pending": false,
              "context": null,
              "code": "cy.get(\"#user-name\").type(\"wrong_user\").clear().type(\"standard_user\").should(\"have.value\", \"standard_user\");",
              "err": {},
              "uuid": "c58d37fa-a546-41dd-87cc-fb848799adb4",
              "parentUUID": "cb5acc2c-7356-49f0-a7cb-b2ba6336b96d",
              "isHook": false,
              "skipped": false
            }
          ],
          "suites": [],
          "passes": [
            "acb3e02d-b767-4aa0-87ba-ccf890124156",
            "b459615a-ee59-4606-9f3f-5cc877c07b0b",
            "c58d37fa-a546-41dd-87cc-fb848799adb4"
          ],
          "failures": [],
          "pending": [],
          "skipped": [],
          "duration": 1443,
          "root": false,
          "rootEmpty": false,
          "_timeout": 2000
        }
      ],
      "passes": [],
      "failures": [],
      "pending": [],
      "skipped": [],
      "duration": 0,
      "root": true,
      "rootEmpty": true,
      "_timeout": 2000
    }
  ],
  "meta": {
    "mocha": {
      "version": "7.2.0"
    },
    "mochawesome": {
      "options": {
        "quiet": false,
        "reportFilename": "mochawesome",
        "saveHtml": true,
        "saveJson": true,
        "consoleReporter": "spec",
        "useInlineDiffs": false,
        "code": true
      },
      "version": "7.1.4"
    },
    "marge": {
      "options": {
        "reportDir": "cypress/results",
        "overwrite": false,
        "html": true,
        "json": true
      },
      "version": "6.3.2"
    }
  }
}