{
  "stats": {
    "suites": 3,
    "tests": 2,
    "passes": 2,
    "pending": 0,
    "failures": 0,
    "start": "2026-03-04T03:01:33.822Z",
    "end": "2026-03-04T03:01:37.135Z",
    "duration": 3313,
    "testsRegistered": 2,
    "passPercent": 100,
    "pendingPercent": 0,
    "other": 0,
    "hasOther": false,
    "skipped": 0,
    "hasSkipped": false
  },
  "results": [
    {
      "uuid": "9f96ba6e-700f-464e-95a6-b621667d4da2",
      "title": "",
      "fullFile": "cypress\\e2e\\checkout.cy.js",
      "file": "cypress\\e2e\\checkout.cy.js",
      "beforeHooks": [],
      "afterHooks": [],
      "tests": [],
      "suites": [
        {
          "uuid": "34d382ae-6527-4ab2-99d4-ce135ebbec92",
          "title": "TC01 Checkout Process",
          "fullFile": "",
          "file": "",
          "beforeHooks": [],
          "afterHooks": [],
          "tests": [],
          "suites": [
            {
              "uuid": "4fe58151-9132-4852-be54-01e35d220fb0",
              "title": "TC01001 Valid Checkout Process",
              "fullFile": "",
              "file": "",
              "beforeHooks": [],
              "afterHooks": [],
              "tests": [
                {
                  "title": "Berhasil melakukan checkout dengan data valid",
                  "fullTitle": "TC01 Checkout Process TC01001 Valid Checkout Process Berhasil melakukan checkout dengan data valid",
                  "timedOut": null,
                  "duration": 2076,
                  "state": "passed",
                  "speed": "fast",
                  "pass": true,
                  "fail": false,
                  "pending": false,
                  "context": null,
                  "code": "const {\n  first_name,\n  last_name,\n  postal_code\n} = checkoutData.validCheckoutForm;\n// Tambahkan produk ke keranjang\ncheckout.clickAddToCart();\ncheckout.clickCart();\ncheckout.clickCheckout();\n// Isi form checkout\ncheckout.checkoutForm(first_name, last_name, postal_code);\n// Finish\ncheckout.clickFinish();\n// Verifikasi checkout berhasil\ncheckout.verifyCheckoutSuccess();",
                  "err": {},
                  "uuid": "32904887-7888-44a9-9e2e-1769ccb5b678",
                  "parentUUID": "4fe58151-9132-4852-be54-01e35d220fb0",
                  "isHook": false,
                  "skipped": false
                }
              ],
              "suites": [],
              "passes": [
                "32904887-7888-44a9-9e2e-1769ccb5b678"
              ],
              "failures": [],
              "pending": [],
              "skipped": [],
              "duration": 2076,
              "root": false,
              "rootEmpty": false,
              "_timeout": 2000
            },
            {
              "uuid": "05deca68-a387-4e9a-9a29-f9163499cf2d",
              "title": "TC01002 Invalid Checkout Process",
              "fullFile": "",
              "file": "",
              "beforeHooks": [],
              "afterHooks": [],
              "tests": [
                {
                  "title": "Gagal melakukan checkout dengan data invalid",
                  "fullTitle": "TC01 Checkout Process TC01002 Invalid Checkout Process Gagal melakukan checkout dengan data invalid",
                  "timedOut": null,
                  "duration": 1146,
                  "state": "passed",
                  "speed": "fast",
                  "pass": true,
                  "fail": false,
                  "pending": false,
                  "context": null,
                  "code": "const {\n  first_name,\n  last_name,\n  postal_code\n} = checkoutData.invalidCheckoutForm;\n// Tambahkan produk ke keranjang\ncheckout.clickAddToCart();\ncheckout.clickCart();\ncheckout.clickCheckout();\n// Isi form checkout\ncheckout.checkoutForm(first_name, last_name, postal_code);\n// Verifikasi checkout berhasil\ncheckout.verifyCheckoutFailed();",
                  "err": {},
                  "uuid": "bcbffa58-f0ae-4dbf-9dcb-50ecfe46ba63",
                  "parentUUID": "05deca68-a387-4e9a-9a29-f9163499cf2d",
                  "isHook": false,
                  "skipped": false
                }
              ],
              "suites": [],
              "passes": [
                "bcbffa58-f0ae-4dbf-9dcb-50ecfe46ba63"
              ],
              "failures": [],
              "pending": [],
              "skipped": [],
              "duration": 1146,
              "root": false,
              "rootEmpty": false,
              "_timeout": 2000
            }
          ],
          "passes": [],
          "failures": [],
          "pending": [],
          "skipped": [],
          "duration": 0,
          "root": false,
          "rootEmpty": false,
          "_timeout": 2000
        }
      ],
      "passes": [],
      "failures": [],
      "pending": [],
      "skipped": [],
      "duration": 0,
      "root": true,
      "rootEmpty": true,
      "_timeout": 2000
    }
  ],
  "meta": {
    "mocha": {
      "version": "7.2.0"
    },
    "mochawesome": {
      "options": {
        "quiet": false,
        "reportFilename": "mochawesome",
        "saveHtml": true,
        "saveJson": true,
        "consoleReporter": "spec",
        "useInlineDiffs": false,
        "code": true
      },
      "version": "7.1.4"
    },
    "marge": {
      "options": {
        "reportDir": "cypress/results",
        "overwrite": false,
        "html": true,
        "json": true
      },
      "version": "6.3.2"
    }
  }
}