{
  "stats": {
    "suites": 3,
    "tests": 12,
    "passes": 12,
    "pending": 0,
    "failures": 0,
    "start": "2026-03-04T03:07:26.084Z",
    "end": "2026-03-04T03:07:32.926Z",
    "duration": 6842,
    "testsRegistered": 12,
    "passPercent": 100,
    "pendingPercent": 0,
    "other": 0,
    "hasOther": false,
    "skipped": 0,
    "hasSkipped": false
  },
  "results": [
    {
      "uuid": "e8bea2cb-86b1-45ff-8e0f-b32f42f21387",
      "title": "",
      "fullFile": "cypress\\e2e\\basic.cy.js",
      "file": "cypress\\e2e\\basic.cy.js",
      "beforeHooks": [],
      "afterHooks": [],
      "tests": [],
      "suites": [
        {
          "uuid": "0f6a6062-fda8-45ee-b806-f1be74ee2244",
          "title": "1. Visit page",
          "fullFile": "",
          "file": "",
          "beforeHooks": [],
          "afterHooks": [],
          "tests": [
            {
              "title": "Should visit the login page (homepage)",
              "fullTitle": "1. Visit page Should visit the login page (homepage)",
              "timedOut": null,
              "duration": 1370,
              "state": "passed",
              "speed": "fast",
              "pass": true,
              "fail": false,
              "pending": false,
              "context": null,
              "code": "cy.visit(\"https://saucedemo.com/\");\ncy.url().should(\"include\", \"saucedemo.com\");",
              "err": {},
              "uuid": "2d93dd74-049c-4f00-b8dd-8f4d6dd0802d",
              "parentUUID": "0f6a6062-fda8-45ee-b806-f1be74ee2244",
              "isHook": false,
              "skipped": false
            },
            {
              "title": "Should visit the inventory page (after login)",
              "fullTitle": "1. Visit page Should visit the inventory page (after login)",
              "timedOut": null,
              "duration": 809,
              "state": "passed",
              "speed": "fast",
              "pass": true,
              "fail": false,
              "pending": false,
              "context": null,
              "code": "cy.visit(\"https://saucedemo.com/\");\ncy.get(\"#user-name\").type(\"standard_user\");\ncy.get(\"#password\").type(\"secret_sauce\");\ncy.get(\"#login-button\").click();\ncy.location(\"pathname\").should(\"eq\", \"/inventory.html\");",
              "err": {},
              "uuid": "0199db24-d494-4007-8dc7-f98336eb502c",
              "parentUUID": "0f6a6062-fda8-45ee-b806-f1be74ee2244",
              "isHook": false,
              "skipped": false
            },
            {
              "title": "Should visit the cart page (after login()",
              "fullTitle": "1. Visit page Should visit the cart page (after login()",
              "timedOut": null,
              "duration": 866,
              "state": "passed",
              "speed": "fast",
              "pass": true,
              "fail": false,
              "pending": false,
              "context": null,
              "code": "cy.visit(\"https://saucedemo.com/\");\ncy.get(\"#user-name\").type(\"standard_user\");\ncy.get(\"#password\").type(\"secret_sauce\");\ncy.get(\"#login-button\").click();\ncy.get(\".shopping_cart_link\").click();\ncy.url().should(\"eq\", \"https://www.saucedemo.com/cart.html\");",
              "err": {},
              "uuid": "6b6bf2ba-87dd-4d88-b6e2-9d77a9e8129a",
              "parentUUID": "0f6a6062-fda8-45ee-b806-f1be74ee2244",
              "isHook": false,
              "skipped": false
            }
          ],
          "suites": [],
          "passes": [
            "2d93dd74-049c-4f00-b8dd-8f4d6dd0802d",
            "0199db24-d494-4007-8dc7-f98336eb502c",
            "6b6bf2ba-87dd-4d88-b6e2-9d77a9e8129a"
          ],
          "failures": [],
          "pending": [],
          "skipped": [],
          "duration": 3045,
          "root": false,
          "rootEmpty": false,
          "_timeout": 2000
        },
        {
          "uuid": "ac8b5fe0-dd39-437a-ada8-83eef62794b4",
          "title": "2. cy.get - Mengambil Element",
          "fullFile": "",
          "file": "",
          "beforeHooks": [],
          "afterHooks": [],
          "tests": [
            {
              "title": "get element by id -> #user-name",
              "fullTitle": "2. cy.get - Mengambil Element get element by id -> #user-name",
              "timedOut": null,
              "duration": 1643,
              "state": "passed",
              "speed": "fast",
              "pass": true,
              "fail": false,
              "pending": false,
              "context": null,
              "code": "cy.get(\"#user-name\").type(\"standard_user\");",
              "err": {},
              "uuid": "22d8bc76-f654-47fe-82f4-4123aec2782f",
              "parentUUID": "ac8b5fe0-dd39-437a-ada8-83eef62794b4",
              "isHook": false,
              "skipped": false
            },
            {
              "title": "get element by class -> .login_container",
              "fullTitle": "2. cy.get - Mengambil Element get element by class -> .login_container",
              "timedOut": null,
              "duration": 80,
              "state": "passed",
              "speed": "fast",
              "pass": true,
              "fail": false,
              "pending": false,
              "context": null,
              "code": "cy.get(\".login_container\").should(\"be.visible\");",
              "err": {},
              "uuid": "7f8a8173-dec7-40d4-9a71-06d894a14787",
              "parentUUID": "ac8b5fe0-dd39-437a-ada8-83eef62794b4",
              "isHook": false,
              "skipped": false
            },
            {
              "title": "get element by tag -> input",
              "fullTitle": "2. cy.get - Mengambil Element get element by tag -> input",
              "timedOut": null,
              "duration": 73,
              "state": "passed",
              "speed": "fast",
              "pass": true,
              "fail": false,
              "pending": false,
              "context": null,
              "code": "cy.get(\"input\").should(\"exist\");",
              "err": {},
              "uuid": "7bb45c74-0430-4318-a7a9-aef58df81200",
              "parentUUID": "ac8b5fe0-dd39-437a-ada8-83eef62794b4",
              "isHook": false,
              "skipped": false
            },
            {
              "title": "get element by attribute -> input[type=\"password\"]",
              "fullTitle": "2. cy.get - Mengambil Element get element by attribute -> input[type=\"password\"]",
              "timedOut": null,
              "duration": 68,
              "state": "passed",
              "speed": "fast",
              "pass": true,
              "fail": false,
              "pending": false,
              "context": null,
              "code": "cy.get('input[type=\"password\"]').should(\"exist\");",
              "err": {},
              "uuid": "1840d51a-a928-4173-b3c9-ab3b5ca360f4",
              "parentUUID": "ac8b5fe0-dd39-437a-ada8-83eef62794b4",
              "isHook": false,
              "skipped": false
            },
            {
              "title": "get element by combined selector -> input#user-name",
              "fullTitle": "2. cy.get - Mengambil Element get element by combined selector -> input#user-name",
              "timedOut": null,
              "duration": 70,
              "state": "passed",
              "speed": "fast",
              "pass": true,
              "fail": false,
              "pending": false,
              "context": null,
              "code": "cy.get(\"input#user-name\").should(\"exist\");",
              "err": {},
              "uuid": "52ec949e-53e6-4869-a454-28172c08b6e7",
              "parentUUID": "ac8b5fe0-dd39-437a-ada8-83eef62794b4",
              "isHook": false,
              "skipped": false
            },
            {
              "title": "get element by text -> cy.contains()",
              "fullTitle": "2. cy.get - Mengambil Element get element by text -> cy.contains()",
              "timedOut": null,
              "duration": 73,
              "state": "passed",
              "speed": "fast",
              "pass": true,
              "fail": false,
              "pending": false,
              "context": null,
              "code": "cy.contains(\"Swag Labs\").should(\"be.visible\");",
              "err": {},
              "uuid": "0ffcdf01-0524-4e6b-8fdc-5ac3bea4abde",
              "parentUUID": "ac8b5fe0-dd39-437a-ada8-83eef62794b4",
              "isHook": false,
              "skipped": false
            }
          ],
          "suites": [],
          "passes": [
            "22d8bc76-f654-47fe-82f4-4123aec2782f",
            "7f8a8173-dec7-40d4-9a71-06d894a14787",
            "7bb45c74-0430-4318-a7a9-aef58df81200",
            "1840d51a-a928-4173-b3c9-ab3b5ca360f4",
            "52ec949e-53e6-4869-a454-28172c08b6e7",
            "0ffcdf01-0524-4e6b-8fdc-5ac3bea4abde"
          ],
          "failures": [],
          "pending": [],
          "skipped": [],
          "duration": 2007,
          "root": false,
          "rootEmpty": false,
          "_timeout": 2000
        },
        {
          "uuid": "4f01c31f-14cb-4aab-a39b-b9b5e642cfc7",
          "title": "3. Type Text - Mengetik di input field",
          "fullFile": "",
          "file": "",
          "beforeHooks": [],
          "afterHooks": [],
          "tests": [
            {
              "title": "should type username into username field",
              "fullTitle": "3. Type Text - Mengetik di input field should type username into username field",
              "timedOut": null,
              "duration": 350,
              "state": "passed",
              "speed": "fast",
              "pass": true,
              "fail": false,
              "pending": false,
              "context": null,
              "code": "cy.get(\"#user-name\").type(\"standard_user\").should(\"have.value\", \"standard_user\");",
              "err": {},
              "uuid": "51cf977f-047a-462d-ba09-69273b774b21",
              "parentUUID": "4f01c31f-14cb-4aab-a39b-b9b5e642cfc7",
              "isHook": false,
              "skipped": false
            },
            {
              "title": "should type password into password field",
              "fullTitle": "3. Type Text - Mengetik di input field should type password into password field",
              "timedOut": null,
              "duration": 334,
              "state": "passed",
              "speed": "fast",
              "pass": true,
              "fail": false,
              "pending": false,
              "context": null,
              "code": "cy.get(\"#password\").type(\"secret_sauce\").should(\"have.value\", \"secret_sauce\");",
              "err": {},
              "uuid": "10e350ea-a57c-4978-8b2a-56ebdf3f03d0",
              "parentUUID": "4f01c31f-14cb-4aab-a39b-b9b5e642cfc7",
              "isHook": false,
              "skipped": false
            },
            {
              "title": "should clear field and retype username",
              "fullTitle": "3. Type Text - Mengetik di input field should clear field and retype username",
              "timedOut": null,
              "duration": 601,
              "state": "passed",
              "speed": "fast",
              "pass": true,
              "fail": false,
              "pending": false,
              "context": null,
              "code": "cy.get(\"#user-name\").type(\"wrong_user\").clear().type(\"standard_user\").should(\"have.value\", \"standard_user\");",
              "err": {},
              "uuid": "07848180-4ba4-454a-8e28-ce715212a544",
              "parentUUID": "4f01c31f-14cb-4aab-a39b-b9b5e642cfc7",
              "isHook": false,
              "skipped": false
            }
          ],
          "suites": [],
          "passes": [
            "51cf977f-047a-462d-ba09-69273b774b21",
            "10e350ea-a57c-4978-8b2a-56ebdf3f03d0",
            "07848180-4ba4-454a-8e28-ce715212a544"
          ],
          "failures": [],
          "pending": [],
          "skipped": [],
          "duration": 1285,
          "root": false,
          "rootEmpty": false,
          "_timeout": 2000
        }
      ],
      "passes": [],
      "failures": [],
      "pending": [],
      "skipped": [],
      "duration": 0,
      "root": true,
      "rootEmpty": true,
      "_timeout": 2000
    }
  ],
  "meta": {
    "mocha": {
      "version": "7.2.0"
    },
    "mochawesome": {
      "options": {
        "quiet": false,
        "reportFilename": "mochawesome",
        "saveHtml": true,
        "saveJson": true,
        "consoleReporter": "spec",
        "useInlineDiffs": false,
        "code": true
      },
      "version": "7.1.4"
    },
    "marge": {
      "options": {
        "reportDir": "cypress/results",
        "overwrite": false,
        "html": true,
        "json": true
      },
      "version": "6.3.2"
    }
  }
}