{
  "stats": {
    "suites": 1,
    "tests": 2,
    "passes": 2,
    "pending": 0,
    "failures": 0,
    "start": "2026-03-04T03:07:41.090Z",
    "end": "2026-03-04T03:07:44.448Z",
    "duration": 3358,
    "testsRegistered": 2,
    "passPercent": 100,
    "pendingPercent": 0,
    "other": 0,
    "hasOther": false,
    "skipped": 0,
    "hasSkipped": false
  },
  "results": [
    {
      "uuid": "ab0bdbce-43c3-4c95-8310-b222a153cce7",
      "title": "",
      "fullFile": "cypress\\e2e\\loginPage.cy.js",
      "file": "cypress\\e2e\\loginPage.cy.js",
      "beforeHooks": [],
      "afterHooks": [],
      "tests": [],
      "suites": [
        {
          "uuid": "86baf821-951c-4699-9eb1-97eba37c0fc6",
          "title": "Page Object Model - Login Page",
          "fullFile": "",
          "file": "",
          "beforeHooks": [],
          "afterHooks": [],
          "tests": [
            {
              "title": "TC01 - Berhasil login dengan kredensial valid",
              "fullTitle": "Page Object Model - Login Page TC01 - Berhasil login dengan kredensial valid",
              "timedOut": null,
              "duration": 1733,
              "state": "passed",
              "speed": "fast",
              "pass": true,
              "fail": false,
              "pending": false,
              "context": null,
              "code": "// it() → Mendefinisikan 1 test case individual\n// Parameter 1: Nama test case\n// Parameter 2: Callback berisi langkah-langkah test\nconst {\n  user_name,\n  password\n} = loginData[0];\n// Destructuring → Mengambil user_name dan password dari array loginData index 0 (valid user)\n// Contoh: { user_name: \"standard_user\", password: \"secret_sauce\" }\nloginPage.visit();\n// Memanggil method visit() dari LoginPage → membuka halaman login\nloginPage.login(user_name, password);\n// Memanggil method login() → mengisi username, password, lalu klik tombol login\nloginPage.verifyLoginSuccess();\n// Memanggil method verifyLoginSuccess() → memverifikasi bahwa login berhasil\n// Biasanya cek URL atau elemen yang muncul setelah login",
              "err": {},
              "uuid": "8268da06-3b7e-4495-aee3-43373e19fe42",
              "parentUUID": "86baf821-951c-4699-9eb1-97eba37c0fc6",
              "isHook": false,
              "skipped": false
            },
            {
              "title": "TC02 - Gagal login dengan kredensial tidak valid",
              "fullTitle": "Page Object Model - Login Page TC02 - Gagal login dengan kredensial tidak valid",
              "timedOut": null,
              "duration": 1528,
              "state": "passed",
              "speed": "fast",
              "pass": true,
              "fail": false,
              "pending": false,
              "context": null,
              "code": "const {\n  user_name,\n  password\n} = loginData[1];\n// Mengambil kredensial yang salah dari array loginData index 1 (invalid user)\nloginPage.visit();\nloginPage.login(user_name, password);\nloginPage.verifyLoginFailed();\n// Memverifikasi bahwa login GAGAL\n// Biasanya cek apakah muncul error message",
              "err": {},
              "uuid": "50a53f9b-c6fd-4da3-99b3-b4928f32e48e",
              "parentUUID": "86baf821-951c-4699-9eb1-97eba37c0fc6",
              "isHook": false,
              "skipped": false
            }
          ],
          "suites": [],
          "passes": [
            "8268da06-3b7e-4495-aee3-43373e19fe42",
            "50a53f9b-c6fd-4da3-99b3-b4928f32e48e"
          ],
          "failures": [],
          "pending": [],
          "skipped": [],
          "duration": 3261,
          "root": false,
          "rootEmpty": false,
          "_timeout": 2000
        }
      ],
      "passes": [],
      "failures": [],
      "pending": [],
      "skipped": [],
      "duration": 0,
      "root": true,
      "rootEmpty": true,
      "_timeout": 2000
    }
  ],
  "meta": {
    "mocha": {
      "version": "7.2.0"
    },
    "mochawesome": {
      "options": {
        "quiet": false,
        "reportFilename": "mochawesome",
        "saveHtml": true,
        "saveJson": true,
        "consoleReporter": "spec",
        "useInlineDiffs": false,
        "code": true
      },
      "version": "7.1.4"
    },
    "marge": {
      "options": {
        "reportDir": "cypress/results",
        "overwrite": false,
        "html": true,
        "json": true
      },
      "version": "6.3.2"
    }
  }
}