{
  "stats": {
    "suites": 3,
    "tests": 2,
    "passes": 2,
    "pending": 0,
    "failures": 0,
    "start": "2026-03-04T03:07:34.097Z",
    "end": "2026-03-04T03:07:39.895Z",
    "duration": 5798,
    "testsRegistered": 2,
    "passPercent": 100,
    "pendingPercent": 0,
    "other": 0,
    "hasOther": false,
    "skipped": 0,
    "hasSkipped": false
  },
  "results": [
    {
      "uuid": "ed30bd91-6415-4fed-baa9-423f5a97b108",
      "title": "",
      "fullFile": "cypress\\e2e\\checkout.cy.js",
      "file": "cypress\\e2e\\checkout.cy.js",
      "beforeHooks": [],
      "afterHooks": [],
      "tests": [],
      "suites": [
        {
          "uuid": "4e90b438-aa3c-4cfd-9f7f-dd27e6f60385",
          "title": "TC01 Checkout Process",
          "fullFile": "",
          "file": "",
          "beforeHooks": [],
          "afterHooks": [],
          "tests": [],
          "suites": [
            {
              "uuid": "b60c9f01-57f5-4123-bfe4-3af7b3f7358b",
              "title": "TC01001 Valid Checkout Process",
              "fullFile": "",
              "file": "",
              "beforeHooks": [],
              "afterHooks": [],
              "tests": [
                {
                  "title": "Berhasil melakukan checkout dengan data valid",
                  "fullTitle": "TC01 Checkout Process TC01001 Valid Checkout Process Berhasil melakukan checkout dengan data valid",
                  "timedOut": null,
                  "duration": 4513,
                  "state": "passed",
                  "speed": "fast",
                  "pass": true,
                  "fail": false,
                  "pending": false,
                  "context": null,
                  "code": "const {\n  first_name,\n  last_name,\n  postal_code\n} = checkoutData.validCheckoutForm;\n// Tambahkan produk ke keranjang\ncheckout.clickAddToCart();\ncheckout.clickCart();\ncheckout.clickCheckout();\n// Isi form checkout\ncheckout.checkoutForm(first_name, last_name, postal_code);\n// Finish\ncheckout.clickFinish();\n// Verifikasi checkout berhasil\ncheckout.verifyCheckoutSuccess();",
                  "err": {},
                  "uuid": "5ad50075-42d7-4755-8077-44be0e7e5dc6",
                  "parentUUID": "b60c9f01-57f5-4123-bfe4-3af7b3f7358b",
                  "isHook": false,
                  "skipped": false
                }
              ],
              "suites": [],
              "passes": [
                "5ad50075-42d7-4755-8077-44be0e7e5dc6"
              ],
              "failures": [],
              "pending": [],
              "skipped": [],
              "duration": 4513,
              "root": false,
              "rootEmpty": false,
              "_timeout": 2000
            },
            {
              "uuid": "d4680e5a-863f-46a2-a58b-f1949cc010ef",
              "title": "TC01002 Invalid Checkout Process",
              "fullFile": "",
              "file": "",
              "beforeHooks": [],
              "afterHooks": [],
              "tests": [
                {
                  "title": "Gagal melakukan checkout dengan data invalid",
                  "fullTitle": "TC01 Checkout Process TC01002 Invalid Checkout Process Gagal melakukan checkout dengan data invalid",
                  "timedOut": null,
                  "duration": 1163,
                  "state": "passed",
                  "speed": "fast",
                  "pass": true,
                  "fail": false,
                  "pending": false,
                  "context": null,
                  "code": "const {\n  first_name,\n  last_name,\n  postal_code\n} = checkoutData.invalidCheckoutForm;\n// Tambahkan produk ke keranjang\ncheckout.clickAddToCart();\ncheckout.clickCart();\ncheckout.clickCheckout();\n// Isi form checkout\ncheckout.checkoutForm(first_name, last_name, postal_code);\n// Verifikasi checkout berhasil\ncheckout.verifyCheckoutFailed();",
                  "err": {},
                  "uuid": "0776980c-49f6-4cb2-b935-65a19997df21",
                  "parentUUID": "d4680e5a-863f-46a2-a58b-f1949cc010ef",
                  "isHook": false,
                  "skipped": false
                }
              ],
              "suites": [],
              "passes": [
                "0776980c-49f6-4cb2-b935-65a19997df21"
              ],
              "failures": [],
              "pending": [],
              "skipped": [],
              "duration": 1163,
              "root": false,
              "rootEmpty": false,
              "_timeout": 2000
            }
          ],
          "passes": [],
          "failures": [],
          "pending": [],
          "skipped": [],
          "duration": 0,
          "root": false,
          "rootEmpty": false,
          "_timeout": 2000
        }
      ],
      "passes": [],
      "failures": [],
      "pending": [],
      "skipped": [],
      "duration": 0,
      "root": true,
      "rootEmpty": true,
      "_timeout": 2000
    }
  ],
  "meta": {
    "mocha": {
      "version": "7.2.0"
    },
    "mochawesome": {
      "options": {
        "quiet": false,
        "reportFilename": "mochawesome",
        "saveHtml": true,
        "saveJson": true,
        "consoleReporter": "spec",
        "useInlineDiffs": false,
        "code": true
      },
      "version": "7.1.4"
    },
    "marge": {
      "options": {
        "reportDir": "cypress/results",
        "overwrite": false,
        "html": true,
        "json": true
      },
      "version": "6.3.2"
    }
  }
}