{
  "stats": {
    "suites": 3,
    "tests": 12,
    "passes": 12,
    "pending": 0,
    "failures": 0,
    "start": "2026-03-04T03:01:19.443Z",
    "end": "2026-03-04T03:01:32.713Z",
    "duration": 13270,
    "testsRegistered": 12,
    "passPercent": 100,
    "pendingPercent": 0,
    "other": 0,
    "hasOther": false,
    "skipped": 0,
    "hasSkipped": false
  },
  "results": [
    {
      "uuid": "be10311f-ce56-41f9-a8bb-0e1d68087a41",
      "title": "",
      "fullFile": "cypress\\e2e\\basic.cy.js",
      "file": "cypress\\e2e\\basic.cy.js",
      "beforeHooks": [],
      "afterHooks": [],
      "tests": [],
      "suites": [
        {
          "uuid": "3af2e8a8-3bb6-47ab-b48b-73e84535d004",
          "title": "1. Visit page",
          "fullFile": "",
          "file": "",
          "beforeHooks": [],
          "afterHooks": [],
          "tests": [
            {
              "title": "Should visit the login page (homepage)",
              "fullTitle": "1. Visit page Should visit the login page (homepage)",
              "timedOut": null,
              "duration": 6502,
              "state": "passed",
              "speed": "medium",
              "pass": true,
              "fail": false,
              "pending": false,
              "context": null,
              "code": "cy.visit(\"https://saucedemo.com/\");\ncy.url().should(\"include\", \"saucedemo.com\");",
              "err": {},
              "uuid": "1ea8768d-fc1e-4046-a18a-52534abb6e5c",
              "parentUUID": "3af2e8a8-3bb6-47ab-b48b-73e84535d004",
              "isHook": false,
              "skipped": false
            },
            {
              "title": "Should visit the inventory page (after login)",
              "fullTitle": "1. Visit page Should visit the inventory page (after login)",
              "timedOut": null,
              "duration": 811,
              "state": "passed",
              "speed": "fast",
              "pass": true,
              "fail": false,
              "pending": false,
              "context": null,
              "code": "cy.visit(\"https://saucedemo.com/\");\ncy.get(\"#user-name\").type(\"standard_user\");\ncy.get(\"#password\").type(\"secret_sauce\");\ncy.get(\"#login-button\").click();\ncy.location(\"pathname\").should(\"eq\", \"/inventory.html\");",
              "err": {},
              "uuid": "57bfe892-c213-4c9d-8d18-59fc763fe8d9",
              "parentUUID": "3af2e8a8-3bb6-47ab-b48b-73e84535d004",
              "isHook": false,
              "skipped": false
            },
            {
              "title": "Should visit the cart page (after login()",
              "fullTitle": "1. Visit page Should visit the cart page (after login()",
              "timedOut": null,
              "duration": 931,
              "state": "passed",
              "speed": "fast",
              "pass": true,
              "fail": false,
              "pending": false,
              "context": null,
              "code": "cy.visit(\"https://saucedemo.com/\");\ncy.get(\"#user-name\").type(\"standard_user\");\ncy.get(\"#password\").type(\"secret_sauce\");\ncy.get(\"#login-button\").click();\ncy.get(\".shopping_cart_link\").click();\ncy.url().should(\"eq\", \"https://www.saucedemo.com/cart.html\");",
              "err": {},
              "uuid": "6ef60d5d-062a-4610-944c-af2547ff2564",
              "parentUUID": "3af2e8a8-3bb6-47ab-b48b-73e84535d004",
              "isHook": false,
              "skipped": false
            }
          ],
          "suites": [],
          "passes": [
            "1ea8768d-fc1e-4046-a18a-52534abb6e5c",
            "57bfe892-c213-4c9d-8d18-59fc763fe8d9",
            "6ef60d5d-062a-4610-944c-af2547ff2564"
          ],
          "failures": [],
          "pending": [],
          "skipped": [],
          "duration": 8244,
          "root": false,
          "rootEmpty": false,
          "_timeout": 2000
        },
        {
          "uuid": "ce5283a7-0784-4adc-9209-ace97048eb4b",
          "title": "2. cy.get - Mengambil Element",
          "fullFile": "",
          "file": "",
          "beforeHooks": [],
          "afterHooks": [],
          "tests": [
            {
              "title": "get element by id -> #user-name",
              "fullTitle": "2. cy.get - Mengambil Element get element by id -> #user-name",
              "timedOut": null,
              "duration": 2869,
              "state": "passed",
              "speed": "fast",
              "pass": true,
              "fail": false,
              "pending": false,
              "context": null,
              "code": "cy.get(\"#user-name\").type(\"standard_user\");",
              "err": {},
              "uuid": "5359b0b1-2677-457e-bd1d-ff6173db556c",
              "parentUUID": "ce5283a7-0784-4adc-9209-ace97048eb4b",
              "isHook": false,
              "skipped": false
            },
            {
              "title": "get element by class -> .login_container",
              "fullTitle": "2. cy.get - Mengambil Element get element by class -> .login_container",
              "timedOut": null,
              "duration": 73,
              "state": "passed",
              "speed": "fast",
              "pass": true,
              "fail": false,
              "pending": false,
              "context": null,
              "code": "cy.get(\".login_container\").should(\"be.visible\");",
              "err": {},
              "uuid": "9159ac87-7a32-4e17-92dd-34565f8bda35",
              "parentUUID": "ce5283a7-0784-4adc-9209-ace97048eb4b",
              "isHook": false,
              "skipped": false
            },
            {
              "title": "get element by tag -> input",
              "fullTitle": "2. cy.get - Mengambil Element get element by tag -> input",
              "timedOut": null,
              "duration": 74,
              "state": "passed",
              "speed": "fast",
              "pass": true,
              "fail": false,
              "pending": false,
              "context": null,
              "code": "cy.get(\"input\").should(\"exist\");",
              "err": {},
              "uuid": "a3872ecb-7299-4cb9-aa4b-d093631225d1",
              "parentUUID": "ce5283a7-0784-4adc-9209-ace97048eb4b",
              "isHook": false,
              "skipped": false
            },
            {
              "title": "get element by attribute -> input[type=\"password\"]",
              "fullTitle": "2. cy.get - Mengambil Element get element by attribute -> input[type=\"password\"]",
              "timedOut": null,
              "duration": 69,
              "state": "passed",
              "speed": "fast",
              "pass": true,
              "fail": false,
              "pending": false,
              "context": null,
              "code": "cy.get('input[type=\"password\"]').should(\"exist\");",
              "err": {},
              "uuid": "3f535972-236c-48bd-bd62-3ef83586c478",
              "parentUUID": "ce5283a7-0784-4adc-9209-ace97048eb4b",
              "isHook": false,
              "skipped": false
            },
            {
              "title": "get element by combined selector -> input#user-name",
              "fullTitle": "2. cy.get - Mengambil Element get element by combined selector -> input#user-name",
              "timedOut": null,
              "duration": 74,
              "state": "passed",
              "speed": "fast",
              "pass": true,
              "fail": false,
              "pending": false,
              "context": null,
              "code": "cy.get(\"input#user-name\").should(\"exist\");",
              "err": {},
              "uuid": "c957d56b-39ee-420f-9572-d133ed743087",
              "parentUUID": "ce5283a7-0784-4adc-9209-ace97048eb4b",
              "isHook": false,
              "skipped": false
            },
            {
              "title": "get element by text -> cy.contains()",
              "fullTitle": "2. cy.get - Mengambil Element get element by text -> cy.contains()",
              "timedOut": null,
              "duration": 75,
              "state": "passed",
              "speed": "fast",
              "pass": true,
              "fail": false,
              "pending": false,
              "context": null,
              "code": "cy.contains(\"Swag Labs\").should(\"be.visible\");",
              "err": {},
              "uuid": "e4f1be72-367e-4a3a-a895-dbaa9dfe0172",
              "parentUUID": "ce5283a7-0784-4adc-9209-ace97048eb4b",
              "isHook": false,
              "skipped": false
            }
          ],
          "suites": [],
          "passes": [
            "5359b0b1-2677-457e-bd1d-ff6173db556c",
            "9159ac87-7a32-4e17-92dd-34565f8bda35",
            "a3872ecb-7299-4cb9-aa4b-d093631225d1",
            "3f535972-236c-48bd-bd62-3ef83586c478",
            "c957d56b-39ee-420f-9572-d133ed743087",
            "e4f1be72-367e-4a3a-a895-dbaa9dfe0172"
          ],
          "failures": [],
          "pending": [],
          "skipped": [],
          "duration": 3234,
          "root": false,
          "rootEmpty": false,
          "_timeout": 2000
        },
        {
          "uuid": "4823faef-ea90-47bd-9fcd-bb6f16db34bb",
          "title": "3. Type Text - Mengetik di input field",
          "fullFile": "",
          "file": "",
          "beforeHooks": [],
          "afterHooks": [],
          "tests": [
            {
              "title": "should type username into username field",
              "fullTitle": "3. Type Text - Mengetik di input field should type username into username field",
              "timedOut": null,
              "duration": 355,
              "state": "passed",
              "speed": "fast",
              "pass": true,
              "fail": false,
              "pending": false,
              "context": null,
              "code": "cy.get(\"#user-name\").type(\"standard_user\").should(\"have.value\", \"standard_user\");",
              "err": {},
              "uuid": "7fccb52f-b765-45f5-96a0-edab8c4562b4",
              "parentUUID": "4823faef-ea90-47bd-9fcd-bb6f16db34bb",
              "isHook": false,
              "skipped": false
            },
            {
              "title": "should type password into password field",
              "fullTitle": "3. Type Text - Mengetik di input field should type password into password field",
              "timedOut": null,
              "duration": 357,
              "state": "passed",
              "speed": "fast",
              "pass": true,
              "fail": false,
              "pending": false,
              "context": null,
              "code": "cy.get(\"#password\").type(\"secret_sauce\").should(\"have.value\", \"secret_sauce\");",
              "err": {},
              "uuid": "74283d02-1d93-45d6-8f06-9dc6edc3e101",
              "parentUUID": "4823faef-ea90-47bd-9fcd-bb6f16db34bb",
              "isHook": false,
              "skipped": false
            },
            {
              "title": "should clear field and retype username",
              "fullTitle": "3. Type Text - Mengetik di input field should clear field and retype username",
              "timedOut": null,
              "duration": 634,
              "state": "passed",
              "speed": "fast",
              "pass": true,
              "fail": false,
              "pending": false,
              "context": null,
              "code": "cy.get(\"#user-name\").type(\"wrong_user\").clear().type(\"standard_user\").should(\"have.value\", \"standard_user\");",
              "err": {},
              "uuid": "e90f4926-13ee-44b7-aaa6-11ae7e56db81",
              "parentUUID": "4823faef-ea90-47bd-9fcd-bb6f16db34bb",
              "isHook": false,
              "skipped": false
            }
          ],
          "suites": [],
          "passes": [
            "7fccb52f-b765-45f5-96a0-edab8c4562b4",
            "74283d02-1d93-45d6-8f06-9dc6edc3e101",
            "e90f4926-13ee-44b7-aaa6-11ae7e56db81"
          ],
          "failures": [],
          "pending": [],
          "skipped": [],
          "duration": 1346,
          "root": false,
          "rootEmpty": false,
          "_timeout": 2000
        }
      ],
      "passes": [],
      "failures": [],
      "pending": [],
      "skipped": [],
      "duration": 0,
      "root": true,
      "rootEmpty": true,
      "_timeout": 2000
    }
  ],
  "meta": {
    "mocha": {
      "version": "7.2.0"
    },
    "mochawesome": {
      "options": {
        "quiet": false,
        "reportFilename": "mochawesome",
        "saveHtml": true,
        "saveJson": true,
        "consoleReporter": "spec",
        "useInlineDiffs": false,
        "code": true
      },
      "version": "7.1.4"
    },
    "marge": {
      "options": {
        "reportDir": "cypress/results",
        "overwrite": false,
        "html": true,
        "json": true
      },
      "version": "6.3.2"
    }
  }
}