{
  "stats": {
    "suites": 3,
    "tests": 2,
    "passes": 2,
    "pending": 0,
    "failures": 0,
    "start": "2026-03-04T04:32:49.757Z",
    "end": "2026-03-04T04:32:55.131Z",
    "duration": 5374,
    "testsRegistered": 2,
    "passPercent": 100,
    "pendingPercent": 0,
    "other": 0,
    "hasOther": false,
    "skipped": 0,
    "hasSkipped": false
  },
  "results": [
    {
      "uuid": "d436c0a5-d140-4eea-a26b-96c37c2a3ac5",
      "title": "",
      "fullFile": "cypress\\e2e\\checkout.cy.js",
      "file": "cypress\\e2e\\checkout.cy.js",
      "beforeHooks": [],
      "afterHooks": [],
      "tests": [],
      "suites": [
        {
          "uuid": "1cae1966-b0a9-4dce-ab98-7e93bda84924",
          "title": "TC01 Checkout Process",
          "fullFile": "",
          "file": "",
          "beforeHooks": [],
          "afterHooks": [],
          "tests": [],
          "suites": [
            {
              "uuid": "33ad7233-8287-4bd3-ad34-10092ec4a91f",
              "title": "TC01001 Valid Checkout Process",
              "fullFile": "",
              "file": "",
              "beforeHooks": [],
              "afterHooks": [],
              "tests": [
                {
                  "title": "Berhasil melakukan checkout dengan data valid",
                  "fullTitle": "TC01 Checkout Process TC01001 Valid Checkout Process Berhasil melakukan checkout dengan data valid",
                  "timedOut": null,
                  "duration": 3538,
                  "state": "passed",
                  "speed": "fast",
                  "pass": true,
                  "fail": false,
                  "pending": false,
                  "context": null,
                  "code": "const {\n  first_name,\n  last_name,\n  postal_code\n} = checkoutData.validCheckoutForm;\n// Tambahkan produk ke keranjang\ncheckout.clickAddToCart();\ncheckout.clickCart();\ncheckout.clickCheckout();\n// Isi form checkout\ncheckout.checkoutForm(first_name, last_name, postal_code);\n// Finish\ncheckout.clickFinish();\n// Verifikasi checkout berhasil\ncheckout.verifyCheckoutSuccess();",
                  "err": {},
                  "uuid": "13253b17-de75-4ebd-8172-ba5310a93920",
                  "parentUUID": "33ad7233-8287-4bd3-ad34-10092ec4a91f",
                  "isHook": false,
                  "skipped": false
                }
              ],
              "suites": [],
              "passes": [
                "13253b17-de75-4ebd-8172-ba5310a93920"
              ],
              "failures": [],
              "pending": [],
              "skipped": [],
              "duration": 3538,
              "root": false,
              "rootEmpty": false,
              "_timeout": 2000
            },
            {
              "uuid": "65700314-35d0-45de-a754-dc0f02c0ad2d",
              "title": "TC01002 Invalid Checkout Process",
              "fullFile": "",
              "file": "",
              "beforeHooks": [],
              "afterHooks": [],
              "tests": [
                {
                  "title": "Gagal melakukan checkout dengan data invalid",
                  "fullTitle": "TC01 Checkout Process TC01002 Invalid Checkout Process Gagal melakukan checkout dengan data invalid",
                  "timedOut": null,
                  "duration": 1572,
                  "state": "passed",
                  "speed": "fast",
                  "pass": true,
                  "fail": false,
                  "pending": false,
                  "context": null,
                  "code": "const {\n  first_name,\n  last_name,\n  postal_code\n} = checkoutData.invalidCheckoutForm;\n// Tambahkan produk ke keranjang\ncheckout.clickAddToCart();\ncheckout.clickCart();\ncheckout.clickCheckout();\n// Isi form checkout\ncheckout.checkoutForm(first_name, last_name, postal_code);\n// Verifikasi checkout berhasil\ncheckout.verifyCheckoutFailed();",
                  "err": {},
                  "uuid": "323cb893-cdb7-4c01-8f08-7f43666ed538",
                  "parentUUID": "65700314-35d0-45de-a754-dc0f02c0ad2d",
                  "isHook": false,
                  "skipped": false
                }
              ],
              "suites": [],
              "passes": [
                "323cb893-cdb7-4c01-8f08-7f43666ed538"
              ],
              "failures": [],
              "pending": [],
              "skipped": [],
              "duration": 1572,
              "root": false,
              "rootEmpty": false,
              "_timeout": 2000
            }
          ],
          "passes": [],
          "failures": [],
          "pending": [],
          "skipped": [],
          "duration": 0,
          "root": false,
          "rootEmpty": false,
          "_timeout": 2000
        }
      ],
      "passes": [],
      "failures": [],
      "pending": [],
      "skipped": [],
      "duration": 0,
      "root": true,
      "rootEmpty": true,
      "_timeout": 2000
    }
  ],
  "meta": {
    "mocha": {
      "version": "7.2.0"
    },
    "mochawesome": {
      "options": {
        "quiet": false,
        "reportFilename": "mochawesome",
        "saveHtml": true,
        "saveJson": true,
        "consoleReporter": "spec",
        "useInlineDiffs": false,
        "code": true
      },
      "version": "7.1.4"
    },
    "marge": {
      "options": {
        "reportDir": "cypress/results",
        "overwrite": false,
        "html": true,
        "json": true
      },
      "version": "6.3.2"
    }
  }
}