{
  "stats": {
    "suites": 3,
    "tests": 12,
    "passes": 12,
    "pending": 0,
    "failures": 0,
    "start": "2026-03-04T04:32:31.803Z",
    "end": "2026-03-04T04:32:40.944Z",
    "duration": 9141,
    "testsRegistered": 12,
    "passPercent": 100,
    "pendingPercent": 0,
    "other": 0,
    "hasOther": false,
    "skipped": 0,
    "hasSkipped": false
  },
  "results": [
    {
      "uuid": "893358c1-f45f-4efa-9d1f-48e1b44854d9",
      "title": "",
      "fullFile": "cypress\\e2e\\basic.cy.js",
      "file": "cypress\\e2e\\basic.cy.js",
      "beforeHooks": [],
      "afterHooks": [],
      "tests": [],
      "suites": [
        {
          "uuid": "373252b0-7ead-4548-8bf2-4717e87e9904",
          "title": "1. Visit page",
          "fullFile": "",
          "file": "",
          "beforeHooks": [],
          "afterHooks": [],
          "tests": [
            {
              "title": "Should visit the login page (homepage)",
              "fullTitle": "1. Visit page Should visit the login page (homepage)",
              "timedOut": null,
              "duration": 3500,
              "state": "passed",
              "speed": "fast",
              "pass": true,
              "fail": false,
              "pending": false,
              "context": null,
              "code": "cy.visit(\"https://saucedemo.com/\");\ncy.url().should(\"include\", \"saucedemo.com\");",
              "err": {},
              "uuid": "ca5a9513-8bdc-4fa3-82d8-1df8d34f4ef4",
              "parentUUID": "373252b0-7ead-4548-8bf2-4717e87e9904",
              "isHook": false,
              "skipped": false
            },
            {
              "title": "Should visit the inventory page (after login)",
              "fullTitle": "1. Visit page Should visit the inventory page (after login)",
              "timedOut": null,
              "duration": 971,
              "state": "passed",
              "speed": "fast",
              "pass": true,
              "fail": false,
              "pending": false,
              "context": null,
              "code": "cy.visit(\"https://saucedemo.com/\");\ncy.get(\"#user-name\").type(\"standard_user\");\ncy.get(\"#password\").type(\"secret_sauce\");\ncy.get(\"#login-button\").click();\ncy.location(\"pathname\").should(\"eq\", \"/inventory.html\");",
              "err": {},
              "uuid": "721a96ab-48fe-4022-9183-cbe45b7d6025",
              "parentUUID": "373252b0-7ead-4548-8bf2-4717e87e9904",
              "isHook": false,
              "skipped": false
            },
            {
              "title": "Should visit the cart page (after login()",
              "fullTitle": "1. Visit page Should visit the cart page (after login()",
              "timedOut": null,
              "duration": 1122,
              "state": "passed",
              "speed": "fast",
              "pass": true,
              "fail": false,
              "pending": false,
              "context": null,
              "code": "cy.visit(\"https://saucedemo.com/\");\ncy.get(\"#user-name\").type(\"standard_user\");\ncy.get(\"#password\").type(\"secret_sauce\");\ncy.get(\"#login-button\").click();\ncy.get(\".shopping_cart_link\").click();\ncy.url().should(\"eq\", \"https://www.saucedemo.com/cart.html\");",
              "err": {},
              "uuid": "3cdc2ed0-c0a8-4188-9ec1-ec7b7fcb1797",
              "parentUUID": "373252b0-7ead-4548-8bf2-4717e87e9904",
              "isHook": false,
              "skipped": false
            }
          ],
          "suites": [],
          "passes": [
            "ca5a9513-8bdc-4fa3-82d8-1df8d34f4ef4",
            "721a96ab-48fe-4022-9183-cbe45b7d6025",
            "3cdc2ed0-c0a8-4188-9ec1-ec7b7fcb1797"
          ],
          "failures": [],
          "pending": [],
          "skipped": [],
          "duration": 5593,
          "root": false,
          "rootEmpty": false,
          "_timeout": 2000
        },
        {
          "uuid": "41d0ba9c-d6c2-403f-95f0-3843119609d5",
          "title": "2. cy.get - Mengambil Element",
          "fullFile": "",
          "file": "",
          "beforeHooks": [],
          "afterHooks": [],
          "tests": [
            {
              "title": "get element by id -> #user-name",
              "fullTitle": "2. cy.get - Mengambil Element get element by id -> #user-name",
              "timedOut": null,
              "duration": 600,
              "state": "passed",
              "speed": "fast",
              "pass": true,
              "fail": false,
              "pending": false,
              "context": null,
              "code": "cy.get(\"#user-name\").type(\"standard_user\");",
              "err": {},
              "uuid": "cf7fc997-eaee-406f-89bb-a43ff24322ab",
              "parentUUID": "41d0ba9c-d6c2-403f-95f0-3843119609d5",
              "isHook": false,
              "skipped": false
            },
            {
              "title": "get element by class -> .login_container",
              "fullTitle": "2. cy.get - Mengambil Element get element by class -> .login_container",
              "timedOut": null,
              "duration": 477,
              "state": "passed",
              "speed": "fast",
              "pass": true,
              "fail": false,
              "pending": false,
              "context": null,
              "code": "cy.get(\".login_container\").should(\"be.visible\");",
              "err": {},
              "uuid": "0a9c7371-9d58-47a4-9a57-d5258648ebeb",
              "parentUUID": "41d0ba9c-d6c2-403f-95f0-3843119609d5",
              "isHook": false,
              "skipped": false
            },
            {
              "title": "get element by tag -> input",
              "fullTitle": "2. cy.get - Mengambil Element get element by tag -> input",
              "timedOut": null,
              "duration": 128,
              "state": "passed",
              "speed": "fast",
              "pass": true,
              "fail": false,
              "pending": false,
              "context": null,
              "code": "cy.get(\"input\").should(\"exist\");",
              "err": {},
              "uuid": "298a2ba7-6751-4b17-82f4-fba88b686439",
              "parentUUID": "41d0ba9c-d6c2-403f-95f0-3843119609d5",
              "isHook": false,
              "skipped": false
            },
            {
              "title": "get element by attribute -> input[type=\"password\"]",
              "fullTitle": "2. cy.get - Mengambil Element get element by attribute -> input[type=\"password\"]",
              "timedOut": null,
              "duration": 122,
              "state": "passed",
              "speed": "fast",
              "pass": true,
              "fail": false,
              "pending": false,
              "context": null,
              "code": "cy.get('input[type=\"password\"]').should(\"exist\");",
              "err": {},
              "uuid": "f47b6e97-783f-46c5-abcc-ae588eedd2e1",
              "parentUUID": "41d0ba9c-d6c2-403f-95f0-3843119609d5",
              "isHook": false,
              "skipped": false
            },
            {
              "title": "get element by combined selector -> input#user-name",
              "fullTitle": "2. cy.get - Mengambil Element get element by combined selector -> input#user-name",
              "timedOut": null,
              "duration": 99,
              "state": "passed",
              "speed": "fast",
              "pass": true,
              "fail": false,
              "pending": false,
              "context": null,
              "code": "cy.get(\"input#user-name\").should(\"exist\");",
              "err": {},
              "uuid": "de6c9cb2-b9b8-49ce-8bdd-afd03825bf34",
              "parentUUID": "41d0ba9c-d6c2-403f-95f0-3843119609d5",
              "isHook": false,
              "skipped": false
            },
            {
              "title": "get element by text -> cy.contains()",
              "fullTitle": "2. cy.get - Mengambil Element get element by text -> cy.contains()",
              "timedOut": null,
              "duration": 133,
              "state": "passed",
              "speed": "fast",
              "pass": true,
              "fail": false,
              "pending": false,
              "context": null,
              "code": "cy.contains(\"Swag Labs\").should(\"be.visible\");",
              "err": {},
              "uuid": "e36f4990-9303-4c02-919d-416804a9f0e1",
              "parentUUID": "41d0ba9c-d6c2-403f-95f0-3843119609d5",
              "isHook": false,
              "skipped": false
            }
          ],
          "suites": [],
          "passes": [
            "cf7fc997-eaee-406f-89bb-a43ff24322ab",
            "0a9c7371-9d58-47a4-9a57-d5258648ebeb",
            "298a2ba7-6751-4b17-82f4-fba88b686439",
            "f47b6e97-783f-46c5-abcc-ae588eedd2e1",
            "de6c9cb2-b9b8-49ce-8bdd-afd03825bf34",
            "e36f4990-9303-4c02-919d-416804a9f0e1"
          ],
          "failures": [],
          "pending": [],
          "skipped": [],
          "duration": 1559,
          "root": false,
          "rootEmpty": false,
          "_timeout": 2000
        },
        {
          "uuid": "9094b8e6-c2d8-41bb-bdd0-d5b6d319a7f3",
          "title": "3. Type Text - Mengetik di input field",
          "fullFile": "",
          "file": "",
          "beforeHooks": [],
          "afterHooks": [],
          "tests": [
            {
              "title": "should type username into username field",
              "fullTitle": "3. Type Text - Mengetik di input field should type username into username field",
              "timedOut": null,
              "duration": 386,
              "state": "passed",
              "speed": "fast",
              "pass": true,
              "fail": false,
              "pending": false,
              "context": null,
              "code": "cy.get(\"#user-name\").type(\"standard_user\").should(\"have.value\", \"standard_user\");",
              "err": {},
              "uuid": "59ed2c65-f0db-4b96-9651-01da6685742a",
              "parentUUID": "9094b8e6-c2d8-41bb-bdd0-d5b6d319a7f3",
              "isHook": false,
              "skipped": false
            },
            {
              "title": "should type password into password field",
              "fullTitle": "3. Type Text - Mengetik di input field should type password into password field",
              "timedOut": null,
              "duration": 476,
              "state": "passed",
              "speed": "fast",
              "pass": true,
              "fail": false,
              "pending": false,
              "context": null,
              "code": "cy.get(\"#password\").type(\"secret_sauce\").should(\"have.value\", \"secret_sauce\");",
              "err": {},
              "uuid": "7e0e8fa0-7841-4528-bea4-d42c15724e4d",
              "parentUUID": "9094b8e6-c2d8-41bb-bdd0-d5b6d319a7f3",
              "isHook": false,
              "skipped": false
            },
            {
              "title": "should clear field and retype username",
              "fullTitle": "3. Type Text - Mengetik di input field should clear field and retype username",
              "timedOut": null,
              "duration": 687,
              "state": "passed",
              "speed": "fast",
              "pass": true,
              "fail": false,
              "pending": false,
              "context": null,
              "code": "cy.get(\"#user-name\").type(\"wrong_user\").clear().type(\"standard_user\").should(\"have.value\", \"standard_user\");",
              "err": {},
              "uuid": "8c4bedf5-5aa1-4ca4-b646-5b6bff739ee6",
              "parentUUID": "9094b8e6-c2d8-41bb-bdd0-d5b6d319a7f3",
              "isHook": false,
              "skipped": false
            }
          ],
          "suites": [],
          "passes": [
            "59ed2c65-f0db-4b96-9651-01da6685742a",
            "7e0e8fa0-7841-4528-bea4-d42c15724e4d",
            "8c4bedf5-5aa1-4ca4-b646-5b6bff739ee6"
          ],
          "failures": [],
          "pending": [],
          "skipped": [],
          "duration": 1549,
          "root": false,
          "rootEmpty": false,
          "_timeout": 2000
        }
      ],
      "passes": [],
      "failures": [],
      "pending": [],
      "skipped": [],
      "duration": 0,
      "root": true,
      "rootEmpty": true,
      "_timeout": 2000
    }
  ],
  "meta": {
    "mocha": {
      "version": "7.2.0"
    },
    "mochawesome": {
      "options": {
        "quiet": false,
        "reportFilename": "mochawesome",
        "saveHtml": true,
        "saveJson": true,
        "consoleReporter": "spec",
        "useInlineDiffs": false,
        "code": true
      },
      "version": "7.1.4"
    },
    "marge": {
      "options": {
        "reportDir": "cypress/results",
        "overwrite": false,
        "html": true,
        "json": true
      },
      "version": "6.3.2"
    }
  }
}